<?xml version="1.0" encoding="UTF-8"?>
<robot generator="Robot 4.1.3 (Python 3.10.1 on win32)" generated="20220311 17:11:46.430" rpa="false" schemaversion="2">
<suite id="s1" name="Temp" source="C:\Users\user\PycharmProjects\RobotFramework-Mentorship\Testcases\temp.robot">
<test id="s1-t1" name="testCase_01 Login into Kuvera website">
<kw name="Open the browser">
<kw name="Open Browser" library="SeleniumLibrary">
<arg>${url}</arg>
<arg>${Browser}</arg>
<doc>Opens a new browser instance to the optional ``url``.</doc>
<msg timestamp="20220311 17:11:46.932" level="INFO">Opening browser 'InternetExplorer' to base url 'https://www.Kuvera.in/'.</msg>
<msg timestamp="20220311 17:11:46.952" level="INFO">Cannot capture screenshot because no browser is open.</msg>
<msg timestamp="20220311 17:11:46.956" level="FAIL">WebDriverException: Message: 'IEDriverServer.exe' executable needs to be in PATH. Please download from https://www.selenium.dev/downloads/ and read up at https://github.com/SeleniumHQ/selenium/wiki/InternetExplorerDriver
</msg>
<status status="FAIL" starttime="20220311 17:11:46.932" endtime="20220311 17:11:46.956"/>
</kw>
<kw name="Sleep" library="BuiltIn">
<arg>5</arg>
<doc>Pauses the test executed for the given time.</doc>
<status status="NOT RUN" starttime="20220311 17:11:46.956" endtime="20220311 17:11:46.956"/>
</kw>
<status status="FAIL" starttime="20220311 17:11:46.931" endtime="20220311 17:11:46.957"/>
</kw>
<kw name="Enter Login Details">
<status status="NOT RUN" starttime="20220311 17:11:46.958" endtime="20220311 17:11:46.958"/>
</kw>
<kw name="click on login Button">
<status status="NOT RUN" starttime="20220311 17:11:46.959" endtime="20220311 17:11:46.959"/>
</kw>
<status status="FAIL" starttime="20220311 17:11:46.930" endtime="20220311 17:11:46.960">WebDriverException: Message: 'IEDriverServer.exe' executable needs to be in PATH. Please download from https://www.selenium.dev/downloads/ and read up at https://github.com/SeleniumHQ/selenium/wiki/InternetExplorerDriver
</status>
</test>
<status status="FAIL" starttime="20220311 17:11:46.433" endtime="20220311 17:11:46.962"/>
</suite>
<statistics>
<total>
<stat pass="0" fail="1" skip="0">All Tests</stat>
</total>
<tag>
</tag>
<suite>
<stat pass="0" fail="1" skip="0" id="s1" name="Temp">Temp</stat>
</suite>
</statistics>
<errors>
</errors>
</robot>
